14:24:52 **** Build of configuration Default for project esp8266_nons ****
make all 
make[1]: Entering directory '/cygdrive/e/Micheal/eclipse/ESP8266_NONOS_SDK-2.2.0_tcpclient/app'
make[2]: Entering directory '/cygdrive/e/Micheal/eclipse/ESP8266_NONOS_SDK-2.2.0_tcpclient/app/user'
DEPEND: xt-xcc -M -Os -g -Wpointer-arith -Wundef -Werror -Wl,-EL -fno-inline-functions -nostdlib -mlongcalls -mtext-section-literals -ffunction-sections -fdata-sections -fno-builtin-printf -DICACHE_FLASH -I include -I ./ -I ../../include/ets -I ../include -I ../../include -I ../../include/eagle -I ../../driver_lib/include user_sensor.c
DEPEND: xt-xcc -M -Os -g -Wpointer-arith -Wundef -Werror -Wl,-EL -fno-inline-functions -nostdlib -mlongcalls -mtext-section-literals -ffunction-sections -fdata-sections -fno-builtin-printf -DICACHE_FLASH -I include -I ./ -I ../../include/ets -I ../include -I ../../include -I ../../include/eagle -I ../../driver_lib/include user_light.c
DEPEND: xt-xcc -M -Os -g -Wpointer-arith -Wundef -Werror -Wl,-EL -fno-inline-functions -nostdlib -mlongcalls -mtext-section-literals -ffunction-sections -fdata-sections -fno-builtin-printf -DICACHE_FLASH -I include -I ./ -I ../../include/ets -I ../include -I ../../include -I ../../include/eagle -I ../../driver_lib/include user_esp_platform.c
DEPEND: xt-xcc -M -Os -g -Wpointer-arith -Wundef -Werror -Wl,-EL -fno-inline-functions -nostdlib -mlongcalls -mtext-section-literals -ffunction-sections -fdata-sections -fno-builtin-printf -DICACHE_FLASH -I include -I ./ -I ../../include/ets -I ../include -I ../../include -I ../../include/eagle -I ../../driver_lib/include user_devicefind.c
DEPEND: xt-xcc -M -Os -g -Wpointer-arith -Wundef -Werror -Wl,-EL -fno-inline-functions -nostdlib -mlongcalls -mtext-section-literals -ffunction-sections -fdata-sections -fno-builtin-printf -DICACHE_FLASH -I include -I ./ -I ../../include/ets -I ../include -I ../../include -I ../../include/eagle -I ../../driver_lib/include user_tcpclient.c
DEPEND: xt-xcc -M -Os -g -Wpointer-arith -Wundef -Werror -Wl,-EL -fno-inline-functions -nostdlib -mlongcalls -mtext-section-literals -ffunction-sections -fdata-sections -fno-builtin-printf -DICACHE_FLASH -I include -I ./ -I ../../include/ets -I ../include -I ../../include -I ../../include/eagle -I ../../driver_lib/include user_plug.c
DEPEND: xt-xcc -M -Os -g -Wpointer-arith -Wundef -Werror -Wl,-EL -fno-inline-functions -nostdlib -mlongcalls -mtext-section-literals -ffunction-sections -fdata-sections -fno-builtin-printf -DICACHE_FLASH -I include -I ./ -I ../../include/ets -I ../include -I ../../include -I ../../include/eagle -I ../../driver_lib/include user_main.c
DEPEND: xt-xcc -M -Os -g -Wpointer-arith -Wundef -Werror -Wl,-EL -fno-inline-functions -nostdlib -mlongcalls -mtext-section-literals -ffunction-sections -fdata-sections -fno-builtin-printf -DICACHE_FLASH -I include -I ./ -I ../../include/ets -I ../include -I ../../include -I ../../include/eagle -I ../../driver_lib/include user_json.c
DEPEND: xt-xcc -M -Os -g -Wpointer-arith -Wundef -Werror -Wl,-EL -fno-inline-functions -nostdlib -mlongcalls -mtext-section-literals -ffunction-sections -fdata-sections -fno-builtin-printf -DICACHE_FLASH -I include -I ./ -I ../../include/ets -I ../include -I ../../include -I ../../include/eagle -I ../../driver_lib/include user_light_adj.c
DEPEND: xt-xcc -M -Os -g -Wpointer-arith -Wundef -Werror -Wl,-EL -fno-inline-functions -nostdlib -mlongcalls -mtext-section-literals -ffunction-sections -fdata-sections -fno-builtin-printf -DICACHE_FLASH -I include -I ./ -I ../../include/ets -I ../include -I ../../include -I ../../include/eagle -I ../../driver_lib/include user_webserver.c
DEPEND: xt-xcc -M -Os -g -Wpointer-arith -Wundef -Werror -Wl,-EL -fno-inline-functions -nostdlib -mlongcalls -mtext-section-literals -ffunction-sections -fdata-sections -fno-builtin-printf -DICACHE_FLASH -I include -I ./ -I ../../include/ets -I ../include -I ../../include -I ../../include/eagle -I ../../driver_lib/include user_esp_platform_timer.c
xt-xcc -Os -g -Wpointer-arith -Wundef -Werror -Wl,-EL -fno-inline-functions -nostdlib -mlongcalls -mtext-section-literals -ffunction-sections -fdata-sections -fno-builtin-printf  -DICACHE_FLASH   -I include -I ./ -I ../../include/ets -I ../include -I ../../include -I ../../include/eagle -I ../../driver_lib/include  -o .output/eagle/debug/obj/user_esp_platform_timer.o -c user_esp_platform_timer.c
xt-xcc -Os -g -Wpointer-arith -Wundef -Werror -Wl,-EL -fno-inline-functions -nostdlib -mlongcalls -mtext-section-literals -ffunction-sections -fdata-sections -fno-builtin-printf  -DICACHE_FLASH   -I include -I ./ -I ../../include/ets -I ../include -I ../../include -I ../../include/eagle -I ../../driver_lib/include  -o .output/eagle/debug/obj/user_webserver.o -c user_webserver.c
xt-xcc -Os -g -Wpointer-arith -Wundef -Werror -Wl,-EL -fno-inline-functions -nostdlib -mlongcalls -mtext-section-literals -ffunction-sections -fdata-sections -fno-builtin-printf  -DICACHE_FLASH   -I include -I ./ -I ../../include/ets -I ../include -I ../../include -I ../../include/eagle -I ../../driver_lib/include  -o .output/eagle/debug/obj/user_light_adj.o -c user_light_adj.c
xt-xcc -Os -g -Wpointer-arith -Wundef -Werror -Wl,-EL -fno-inline-functions -nostdlib -mlongcalls -mtext-section-literals -ffunction-sections -fdata-sections -fno-builtin-printf  -DICACHE_FLASH   -I include -I ./ -I ../../include/ets -I ../include -I ../../include -I ../../include/eagle -I ../../driver_lib/include  -o .output/eagle/debug/obj/user_json.o -c user_json.c
xt-xcc -Os -g -Wpointer-arith -Wundef -Werror -Wl,-EL -fno-inline-functions -nostdlib -mlongcalls -mtext-section-literals -ffunction-sections -fdata-sections -fno-builtin-printf  -DICACHE_FLASH   -I include -I ./ -I ../../include/ets -I ../include -I ../../include -I ../../include/eagle -I ../../driver_lib/include  -o .output/eagle/debug/obj/user_main.o -c user_main.c
xt-xcc -Os -g -Wpointer-arith -Wundef -Werror -Wl,-EL -fno-inline-functions -nostdlib -mlongcalls -mtext-section-literals -ffunction-sections -fdata-sections -fno-builtin-printf  -DICACHE_FLASH   -I include -I ./ -I ../../include/ets -I ../include -I ../../include -I ../../include/eagle -I ../../driver_lib/include  -o .output/eagle/debug/obj/user_plug.o -c user_plug.c
xt-xcc -Os -g -Wpointer-arith -Wundef -Werror -Wl,-EL -fno-inline-functions -nostdlib -mlongcalls -mtext-section-literals -ffunction-sections -fdata-sections -fno-builtin-printf  -DICACHE_FLASH   -I include -I ./ -I ../../include/ets -I ../include -I ../../include -I ../../include/eagle -I ../../driver_lib/include  -o .output/eagle/debug/obj/user_tcpclient.o -c user_tcpclient.c
xt-xcc -Os -g -Wpointer-arith -Wundef -Werror -Wl,-EL -fno-inline-functions -nostdlib -mlongcalls -mtext-section-literals -ffunction-sections -fdata-sections -fno-builtin-printf  -DICACHE_FLASH   -I include -I ./ -I ../../include/ets -I ../include -I ../../include -I ../../include/eagle -I ../../driver_lib/include  -o .output/eagle/debug/obj/user_devicefind.o -c user_devicefind.c
xt-xcc -Os -g -Wpointer-arith -Wundef -Werror -Wl,-EL -fno-inline-functions -nostdlib -mlongcalls -mtext-section-literals -ffunction-sections -fdata-sections -fno-builtin-printf  -DICACHE_FLASH   -I include -I ./ -I ../../include/ets -I ../include -I ../../include -I ../../include/eagle -I ../../driver_lib/include  -o .output/eagle/debug/obj/user_esp_platform.o -c user_esp_platform.c
xt-xcc -Os -g -Wpointer-arith -Wundef -Werror -Wl,-EL -fno-inline-functions -nostdlib -mlongcalls -mtext-section-literals -ffunction-sections -fdata-sections -fno-builtin-printf  -DICACHE_FLASH   -I include -I ./ -I ../../include/ets -I ../include -I ../../include -I ../../include/eagle -I ../../driver_lib/include  -o .output/eagle/debug/obj/user_light.o -c user_light.c
xt-xcc -Os -g -Wpointer-arith -Wundef -Werror -Wl,-EL -fno-inline-functions -nostdlib -mlongcalls -mtext-section-literals -ffunction-sections -fdata-sections -fno-builtin-printf  -DICACHE_FLASH   -I include -I ./ -I ../../include/ets -I ../include -I ../../include -I ../../include/eagle -I ../../driver_lib/include  -o .output/eagle/debug/obj/user_sensor.o -c user_sensor.c
xt-ar ru .output/eagle/debug/lib/libuser.a .output/eagle/debug/obj/user_esp_platform_timer.o .output/eagle/debug/obj/user_webserver.o .output/eagle/debug/obj/user_light_adj.o .output/eagle/debug/obj/user_json.o .output/eagle/debug/obj/user_main.o .output/eagle/debug/obj/user_plug.o .output/eagle/debug/obj/user_tcpclient.o .output/eagle/debug/obj/user_devicefind.o .output/eagle/debug/obj/user_esp_platform.o .output/eagle/debug/obj/user_light.o .output/eagle/debug/obj/user_sensor.o 
xt-ar: creating .output/eagle/debug/lib/libuser.a
make[2]: Leaving directory '/cygdrive/e/Micheal/eclipse/ESP8266_NONOS_SDK-2.2.0_tcpclient/app/user'
make[2]: Entering directory '/cygdrive/e/Micheal/eclipse/ESP8266_NONOS_SDK-2.2.0_tcpclient/app/driver'
DEPEND: xt-xcc -M -Os -g -Wpointer-arith -Wundef -Werror -Wl,-EL -fno-inline-functions -nostdlib -mlongcalls -mtext-section-literals -ffunction-sections -fdata-sections -fno-builtin-printf -DICACHE_FLASH -I include -I ./ -I ../include -I ../../include -I ../../include/eagle -I ../../driver_lib/include sdio_slv.c
DEPEND: xt-xcc -M -Os -g -Wpointer-arith -Wundef -Werror -Wl,-EL -fno-inline-functions -nostdlib -mlongcalls -mtext-section-literals -ffunction-sections -fdata-sections -fno-builtin-printf -DICACHE_FLASH -I include -I ./ -I ../include -I ../../include -I ../../include/eagle -I ../../driver_lib/include hw_timer.c
DEPEND: xt-xcc -M -Os -g -Wpointer-arith -Wundef -Werror -Wl,-EL -fno-inline-functions -nostdlib -mlongcalls -mtext-section-literals -ffunction-sections -fdata-sections -fno-builtin-printf -DICACHE_FLASH -I include -I ./ -I ../include -I ../../include -I ../../include/eagle -I ../../driver_lib/include spi_interface.c
DEPEND: xt-xcc -M -Os -g -Wpointer-arith -Wundef -Werror -Wl,-EL -fno-inline-functions -nostdlib -mlongcalls -mtext-section-literals -ffunction-sections -fdata-sections -fno-builtin-printf -DICACHE_FLASH -I include -I ./ -I ../include -I ../../include -I ../../include/eagle -I ../../driver_lib/include uart.c
DEPEND: xt-xcc -M -Os -g -Wpointer-arith -Wundef -Werror -Wl,-EL -fno-inline-functions -nostdlib -mlongcalls -mtext-section-literals -ffunction-sections -fdata-sections -fno-builtin-printf -DICACHE_FLASH -I include -I ./ -I ../include -I ../../include -I ../../include/eagle -I ../../driver_lib/include gpio16.c
DEPEND: xt-xcc -M -Os -g -Wpointer-arith -Wundef -Werror -Wl,-EL -fno-inline-functions -nostdlib -mlongcalls -mtext-section-literals -ffunction-sections -fdata-sections -fno-builtin-printf -DICACHE_FLASH -I include -I ./ -I ../include -I ../../include -I ../../include/eagle -I ../../driver_lib/include spi.c
DEPEND: xt-xcc -M -Os -g -Wpointer-arith -Wundef -Werror -Wl,-EL -fno-inline-functions -nostdlib -mlongcalls -mtext-section-literals -ffunction-sections -fdata-sections -fno-builtin-printf -DICACHE_FLASH -I include -I ./ -I ../include -I ../../include -I ../../include/eagle -I ../../driver_lib/include key.c
DEPEND: xt-xcc -M -Os -g -Wpointer-arith -Wundef -Werror -Wl,-EL -fno-inline-functions -nostdlib -mlongcalls -mtext-section-literals -ffunction-sections -fdata-sections -fno-builtin-printf -DICACHE_FLASH -I include -I ./ -I ../include -I ../../include -I ../../include/eagle -I ../../driver_lib/include i2c_master.c
DEPEND: xt-xcc -M -Os -g -Wpointer-arith -Wundef -Werror -Wl,-EL -fno-inline-functions -nostdlib -mlongcalls -mtext-section-literals -ffunction-sections -fdata-sections -fno-builtin-printf -DICACHE_FLASH -I include -I ./ -I ../include -I ../../include -I ../../include/eagle -I ../../driver_lib/include spi_overlap.c
xt-xcc -Os -g -Wpointer-arith -Wundef -Werror -Wl,-EL -fno-inline-functions -nostdlib -mlongcalls -mtext-section-literals -ffunction-sections -fdata-sections -fno-builtin-printf  -DICACHE_FLASH   -I include -I ./ -I ../include -I ../../include -I ../../include/eagle -I ../../driver_lib/include  -o .output/eagle/debug/obj/spi_overlap.o -c spi_overlap.c
xt-xcc -Os -g -Wpointer-arith -Wundef -Werror -Wl,-EL -fno-inline-functions -nostdlib -mlongcalls -mtext-section-literals -ffunction-sections -fdata-sections -fno-builtin-printf  -DICACHE_FLASH   -I include -I ./ -I ../include -I ../../include -I ../../include/eagle -I ../../driver_lib/include  -o .output/eagle/debug/obj/i2c_master.o -c i2c_master.c
xt-xcc -Os -g -Wpointer-arith -Wundef -Werror -Wl,-EL -fno-inline-functions -nostdlib -mlongcalls -mtext-section-literals -ffunction-sections -fdata-sections -fno-builtin-printf  -DICACHE_FLASH   -I include -I ./ -I ../include -I ../../include -I ../../include/eagle -I ../../driver_lib/include  -o .output/eagle/debug/obj/key.o -c key.c
xt-xcc -Os -g -Wpointer-arith -Wundef -Werror -Wl,-EL -fno-inline-functions -nostdlib -mlongcalls -mtext-section-literals -ffunction-sections -fdata-sections -fno-builtin-printf  -DICACHE_FLASH   -I include -I ./ -I ../include -I ../../include -I ../../include/eagle -I ../../driver_lib/include  -o .output/eagle/debug/obj/spi.o -c spi.c
xt-xcc -Os -g -Wpointer-arith -Wundef -Werror -Wl,-EL -fno-inline-functions -nostdlib -mlongcalls -mtext-section-literals -ffunction-sections -fdata-sections -fno-builtin-printf  -DICACHE_FLASH   -I include -I ./ -I ../include -I ../../include -I ../../include/eagle -I ../../driver_lib/include  -o .output/eagle/debug/obj/gpio16.o -c gpio16.c
xt-xcc -Os -g -Wpointer-arith -Wundef -Werror -Wl,-EL -fno-inline-functions -nostdlib -mlongcalls -mtext-section-literals -ffunction-sections -fdata-sections -fno-builtin-printf  -DICACHE_FLASH   -I include -I ./ -I ../include -I ../../include -I ../../include/eagle -I ../../driver_lib/include  -o .output/eagle/debug/obj/uart.o -c uart.c
xt-xcc -Os -g -Wpointer-arith -Wundef -Werror -Wl,-EL -fno-inline-functions -nostdlib -mlongcalls -mtext-section-literals -ffunction-sections -fdata-sections -fno-builtin-printf  -DICACHE_FLASH   -I include -I ./ -I ../include -I ../../include -I ../../include/eagle -I ../../driver_lib/include  -o .output/eagle/debug/obj/spi_interface.o -c spi_interface.c
xt-xcc -Os -g -Wpointer-arith -Wundef -Werror -Wl,-EL -fno-inline-functions -nostdlib -mlongcalls -mtext-section-literals -ffunction-sections -fdata-sections -fno-builtin-printf  -DICACHE_FLASH   -I include -I ./ -I ../include -I ../../include -I ../../include/eagle -I ../../driver_lib/include  -o .output/eagle/debug/obj/hw_timer.o -c hw_timer.c
xt-xcc -Os -g -Wpointer-arith -Wundef -Werror -Wl,-EL -fno-inline-functions -nostdlib -mlongcalls -mtext-section-literals -ffunction-sections -fdata-sections -fno-builtin-printf  -DICACHE_FLASH   -I include -I ./ -I ../include -I ../../include -I ../../include/eagle -I ../../driver_lib/include  -o .output/eagle/debug/obj/sdio_slv.o -c sdio_slv.c
xt-ar ru .output/eagle/debug/lib/libdriver.a .output/eagle/debug/obj/spi_overlap.o .output/eagle/debug/obj/i2c_master.o .output/eagle/debug/obj/key.o .output/eagle/debug/obj/spi.o .output/eagle/debug/obj/gpio16.o .output/eagle/debug/obj/uart.o .output/eagle/debug/obj/spi_interface.o .output/eagle/debug/obj/hw_timer.o .output/eagle/debug/obj/sdio_slv.o 
xt-ar: creating .output/eagle/debug/lib/libdriver.a
make[2]: Leaving directory '/cygdrive/e/Micheal/eclipse/ESP8266_NONOS_SDK-2.2.0_tcpclient/app/driver'
xt-xcc  -L../lib -nostdlib -T../ld/eagle.app.v6.ld -Wl,--no-check-sections -Wl,--gc-sections -u call_user_start -Wl,-static -Wl,--start-group -lc -lgcc -lhal -lphy -lpp -lnet80211 -llwip -lwpa -lcrypto -lmain -ljson -lupgrade -lssl -lpwm -lsmartconfig user/.output/eagle/debug/lib/libuser.a driver/.output/eagle/debug/lib/libdriver.a -Wl,--end-group -o .output/eagle/debug/image/eagle.app.v6.out 

!!!
No boot needed.
Generate eagle.flash.bin and eagle.irom0text.bin successully in folder bin.
eagle.flash.bin-------->0x00000
eagle.irom0text.bin---->0x10000
!!!
make[1]: Leaving directory '/cygdrive/e/Micheal/eclipse/ESP8266_NONOS_SDK-2.2.0_tcpclient/app'

14:25:15 Build Finished (took 22s.347ms)

